#
# There is insufficient memory for the Java Runtime Environment to continue.
# Native memory allocation (malloc) failed to allocate 1521088 bytes for Chunk::new
# Possible reasons:
#   The system is out of physical RAM or swap space
#   The process is running with CompressedOops enabled, and the Java Heap may be blocking the growth of the native heap
# Possible solutions:
#   Reduce memory load on the system
#   Increase physical memory or swap space
#   Check if swap backing store is full
#   Decrease Java heap size (-Xmx/-Xms)
#   Decrease number of Java threads
#   Decrease Java thread stack sizes (-Xss)
#   Set larger code cache with -XX:ReservedCodeCacheSize=
#   JVM is running with Unscaled Compressed Oops mode in which the Java heap is
#     placed in the first 4GB address space. The Java Heap base address is the
#     maximum limit for the native heap growth. Please use -XX:HeapBaseMinAddress
#     to set the Java Heap base and to place the Java Heap above 4GB virtual address.
# This output file may be truncated or incomplete.
#
#  Out of Memory Error (allocation.cpp:389), pid=14812, tid=0x0000000000001aec
#
# JRE version: OpenJDK Runtime Environment (8.0_242-b01) (build 1.8.0_242-release-1644-b01)
# Java VM: OpenJDK 64-Bit Server VM (25.242-b01 mixed mode windows-amd64 compressed oops)
# Failed to write core dump. Minidumps are not enabled by default on client versions of Windows
#

---------------  T H R E A D  ---------------

Current thread (0x00000000163d8800):  JavaThread "C2 CompilerThread0" daemon [_thread_in_native, id=6892, stack(0x0000000017a20000,0x0000000017b20000)]

Stack: [0x0000000017a20000,0x0000000017b20000]
[error occurred during error reporting (printing stack bounds), id 0xc0000005]

Native frames: (J=compiled Java code, j=interpreted, Vv=VM code, C=native code)


Current CompileTask:
C2:   5636 1458       4       java.net.URLClassLoader$1::run (5 bytes)


---------------  P R O C E S S  ---------------

Java Threads: ( => current thread )
  0x000000001a1f7800 JavaThread "File lock request listener" [_thread_in_native, id=8232, stack(0x000000001e350000,0x000000001e450000)]
  0x000000001ad2e000 JavaThread "Cache worker for file hash cache (C:\Users\47hitman\.gradle\caches\6.7\fileHashes)" [_thread_blocked, id=828, stack(0x000000001d180000,0x000000001d280000)]
  0x000000001a205000 JavaThread "Thread-9" [_thread_blocked, id=15168, stack(0x000000001beb0000,0x000000001bfb0000)]
  0x000000001a20d000 JavaThread "Stdin handler" [_thread_blocked, id=3320, stack(0x000000001bdb0000,0x000000001beb0000)]
  0x000000001a1fc800 JavaThread "Asynchronous log dispatcher for DefaultDaemonConnection: socket connection from /127.0.0.1:53174 to /127.0.0.1:53175" [_thread_blocked, id=7016, stack(0x000000001bcb0000,0x000000001bdb0000)]
  0x000000001a1a0800 JavaThread "Daemon worker" [_thread_in_vm, id=5324, stack(0x000000001bbb0000,0x000000001bcb0000)]
  0x000000001a19f800 JavaThread "Cancel handler" [_thread_blocked, id=1616, stack(0x000000001bab0000,0x000000001bbb0000)]
  0x000000001a198000 JavaThread "Handler for socket connection from /127.0.0.1:53174 to /127.0.0.1:53175" [_thread_in_native, id=14604, stack(0x000000001b9b0000,0x000000001bab0000)]
  0x000000001a197800 JavaThread "Daemon" [_thread_blocked, id=4836, stack(0x000000001b6b0000,0x000000001b7b0000)]
  0x000000001a1cd000 JavaThread "Daemon periodic checks" [_thread_blocked, id=8032, stack(0x000000001b5b0000,0x000000001b6b0000)]
  0x000000001a1b2800 JavaThread "Incoming local TCP Connector on port 53174" [_thread_in_native, id=12848, stack(0x000000001b370000,0x000000001b470000)]
  0x000000001a0ab800 JavaThread "Daemon health stats" [_thread_blocked, id=8768, stack(0x000000001ad30000,0x000000001ae30000)]
  0x0000000017c45800 JavaThread "Service Thread" daemon [_thread_blocked, id=1880, stack(0x0000000018120000,0x0000000018220000)]
  0x0000000017c28800 JavaThread "C1 CompilerThread2" daemon [_thread_blocked, id=12124, stack(0x0000000018020000,0x0000000018120000)]
  0x00000000163dc000 JavaThread "C2 CompilerThread1" daemon [_thread_in_native, id=8744, stack(0x0000000017b20000,0x0000000017c20000)]
=>0x00000000163d8800 JavaThread "C2 CompilerThread0" daemon [_thread_in_native, id=6892, stack(0x0000000017a20000,0x0000000017b20000)]
  0x00000000163d6800 JavaThread "Attach Listener" daemon [_thread_blocked, id=1628, stack(0x0000000017920000,0x0000000017a20000)]
  0x00000000163d5000 JavaThread "Signal Dispatcher" daemon [_thread_blocked, id=11792, stack(0x0000000017820000,0x0000000017920000)]
  0x0000000002a5d000 JavaThread "Finalizer" daemon [_thread_blocked, id=13620, stack(0x0000000017620000,0x0000000017720000)]
  0x00000000163b9000 JavaThread "Reference Handler" daemon [_thread_blocked, id=8636, stack(0x0000000017520000,0x0000000017620000)]
  0x0000000002962800 JavaThread "main" [_thread_blocked, id=5164, stack(0x00000000026a0000,0x00000000027a0000)]

Other Threads:
  0x0000000016397800 VMThread [stack: 0x0000000017420000,0x0000000017520000] [id=9680]
  0x0000000017c46000 WatcherThread [stack: 0x0000000018220000,0x0000000018320000] [id=10108]

VM state:not at safepoint (normal execution)

VM Mutex/Monitor currently owned by a thread: None

heap address: 0x00000000a0000000, size: 1536 MB, Compressed Oops mode: 32-bit
Narrow klass base: 0x0000000000000000, Narrow klass shift: 3
Compressed class space size: 1073741824 Address: 0x0000000100000000

Heap:
 PSYoungGen      total 68096K, used 11051K [0x00000000e0000000, 0x00000000e4b00000, 0x0000000100000000)
  eden space 62464K, 8% used [0x00000000e0000000,0x00000000e054d158,0x00000000e3d00000)
  from space 5632K, 99% used [0x00000000e4380000,0x00000000e48fdde0,0x00000000e4900000)
  to   space 6656K, 0% used [0x00000000e3d00000,0x00000000e3d00000,0x00000000e4380000)
 ParOldGen       total 42496K, used 4911K [0x00000000a0000000, 0x00000000a2980000, 0x00000000e0000000)
  object space 42496K, 11% used [0x00000000a0000000,0x00000000a04cbcb0,0x00000000a2980000)
 Metaspace       used 14500K, capacity 14994K, committed 15232K, reserved 1062912K
  class space    used 1990K, capacity 2133K, committed 2176K, reserved 1048576K

Card table byte_map: [0x0000000011e20000,0x0000000012130000] byte_map_base: 0x0000000011920000

Marking Bits: (ParMarkBitMap*) 0x0000000076faf030
 Begin Bits: [0x0000000012730000, 0x0000000013f30000)
 End Bits:   [0x0000000013f30000, 0x0000000015730000)

Polling page: 0x0000000000b40000

CodeCache: size=245760Kb used=5288Kb max_used=5288Kb free=240471Kb
 bounds [0x0000000002a60000, 0x0000000002f90000, 0x0000000011a60000]
 total_blobs=1847 nmethods=1465 adapters=295
 compilation: enabled

Compilation events (10 events):
Event: 5.606 Thread 0x0000000017c28800 1465       3       org.gradle.internal.file.FilePathUtil::sizeOfCommonPrefix (142 bytes)
Event: 5.608 Thread 0x0000000017c28800 nmethod 1465 0x0000000002f7fc50 code [0x0000000002f7fec0, 0x0000000002f812e8]
Event: 5.608 Thread 0x0000000017c28800 1466   !   3       java.io.WinNTFileSystem::resolve (362 bytes)
Event: 5.617 Thread 0x0000000017c28800 nmethod 1466 0x0000000002f82150 code [0x0000000002f829c0, 0x0000000002f88578]
Event: 5.617 Thread 0x0000000017c28800 1467       3       org.gradle.internal.file.DefaultFileHierarchySet$Node::sizeOfCommonPrefix (10 bytes)
Event: 5.617 Thread 0x0000000017c28800 nmethod 1467 0x0000000002f7f810 code [0x0000000002f7f980, 0x0000000002f7fb68]
Event: 5.617 Thread 0x0000000017c28800 1468       3       org.gradle.internal.file.FilePathUtil::sizeOfCommonPrefix (10 bytes)
Event: 5.617 Thread 0x0000000017c28800 nmethod 1468 0x0000000002f7f490 code [0x0000000002f7f600, 0x0000000002f7f768]
Event: 5.617 Thread 0x0000000017c28800 1469       1       com.google.common.collect.RegularImmutableList::size (5 bytes)
Event: 5.617 Thread 0x0000000017c28800 nmethod 1469 0x0000000002f7f1d0 code [0x0000000002f7f320, 0x0000000002f7f430]

GC Heap History (10 events):
Event: 1.863 GC heap before
{Heap before GC invocations=2 (full 0):
 PSYoungGen      total 18432K, used 18053K [0x00000000e0000000, 0x00000000e1480000, 0x0000000100000000)
  eden space 15872K, 100% used [0x00000000e0000000,0x00000000e0f80000,0x00000000e0f80000)
  from space 2560K, 85% used [0x00000000e0f80000,0x00000000e11a16a8,0x00000000e1200000)
  to   space 2560K, 0% used [0x00000000e1200000,0x00000000e1200000,0x00000000e1480000)
 ParOldGen       total 42496K, used 8K [0x00000000a0000000, 0x00000000a2980000, 0x00000000e0000000)
  object space 42496K, 0% used [0x00000000a0000000,0x00000000a0002000,0x00000000a2980000)
 Metaspace       used 7238K, capacity 7518K, committed 7680K, reserved 1056768K
  class space    used 888K, capacity 973K, committed 1024K, reserved 1048576K
Event: 1.876 GC heap after
Heap after GC invocations=2 (full 0):
 PSYoungGen      total 18432K, used 2557K [0x00000000e0000000, 0x00000000e2400000, 0x0000000100000000)
  eden space 15872K, 0% used [0x00000000e0000000,0x00000000e0000000,0x00000000e0f80000)
  from space 2560K, 99% used [0x00000000e1200000,0x00000000e147f608,0x00000000e1480000)
  to   space 2560K, 0% used [0x00000000e0f80000,0x00000000e0f80000,0x00000000e1200000)
 ParOldGen       total 42496K, used 1051K [0x00000000a0000000, 0x00000000a2980000, 0x00000000e0000000)
  object space 42496K, 2% used [0x00000000a0000000,0x00000000a0106f80,0x00000000a2980000)
 Metaspace       used 7238K, capacity 7518K, committed 7680K, reserved 1056768K
  class space    used 888K, capacity 973K, committed 1024K, reserved 1048576K
}
Event: 2.266 GC heap before
{Heap before GC invocations=3 (full 0):
 PSYoungGen      total 18432K, used 18429K [0x00000000e0000000, 0x00000000e2400000, 0x0000000100000000)
  eden space 15872K, 100% used [0x00000000e0000000,0x00000000e0f80000,0x00000000e0f80000)
  from space 2560K, 99% used [0x00000000e1200000,0x00000000e147f608,0x00000000e1480000)
  to   space 2560K, 0% used [0x00000000e0f80000,0x00000000e0f80000,0x00000000e1200000)
 ParOldGen       total 42496K, used 1051K [0x00000000a0000000, 0x00000000a2980000, 0x00000000e0000000)
  object space 42496K, 2% used [0x00000000a0000000,0x00000000a0106f80,0x00000000a2980000)
 Metaspace       used 7282K, capacity 7518K, committed 7680K, reserved 1056768K
  class space    used 888K, capacity 973K, committed 1024K, reserved 1048576K
Event: 2.275 GC heap after
Heap after GC invocations=3 (full 0):
 PSYoungGen      total 18432K, used 2432K [0x00000000e0000000, 0x00000000e2400000, 0x0000000100000000)
  eden space 15872K, 0% used [0x00000000e0000000,0x00000000e0000000,0x00000000e0f80000)
  from space 2560K, 95% used [0x00000000e0f80000,0x00000000e11e0020,0x00000000e1200000)
  to   space 2560K, 0% used [0x00000000e2180000,0x00000000e2180000,0x00000000e2400000)
 ParOldGen       total 42496K, used 1059K [0x00000000a0000000, 0x00000000a2980000, 0x00000000e0000000)
  object space 42496K, 2% used [0x00000000a0000000,0x00000000a0108f80,0x00000000a2980000)
 Metaspace       used 7282K, capacity 7518K, committed 7680K, reserved 1056768K
  class space    used 888K, capacity 973K, committed 1024K, reserved 1048576K
}
Event: 2.788 GC heap before
{Heap before GC invocations=4 (full 0):
 PSYoungGen      total 18432K, used 18304K [0x00000000e0000000, 0x00000000e2400000, 0x0000000100000000)
  eden space 15872K, 100% used [0x00000000e0000000,0x00000000e0f80000,0x00000000e0f80000)
  from space 2560K, 95% used [0x00000000e0f80000,0x00000000e11e0020,0x00000000e1200000)
  to   space 2560K, 0% used [0x00000000e2180000,0x00000000e2180000,0x00000000e2400000)
 ParOldGen       total 42496K, used 1059K [0x00000000a0000000, 0x00000000a2980000, 0x00000000e0000000)
  object space 42496K, 2% used [0x00000000a0000000,0x00000000a0108f80,0x00000000a2980000)
 Metaspace       used 7408K, capacity 7646K, committed 7936K, reserved 1056768K
  class space    used 897K, capacity 973K, committed 1024K, reserved 1048576K
Event: 2.797 GC heap after
Heap after GC invocations=4 (full 0):
 PSYoungGen      total 34304K, used 2528K [0x00000000e0000000, 0x00000000e2400000, 0x0000000100000000)
  eden space 31744K, 0% used [0x00000000e0000000,0x00000000e0000000,0x00000000e1f00000)
  from space 2560K, 98% used [0x00000000e2180000,0x00000000e23f8020,0x00000000e2400000)
  to   space 2560K, 0% used [0x00000000e1f00000,0x00000000e1f00000,0x00000000e2180000)
 ParOldGen       total 42496K, used 1611K [0x00000000a0000000, 0x00000000a2980000, 0x00000000e0000000)
  object space 42496K, 3% used [0x00000000a0000000,0x00000000a0192de0,0x00000000a2980000)
 Metaspace       used 7408K, capacity 7646K, committed 7936K, reserved 1056768K
  class space    used 897K, capacity 973K, committed 1024K, reserved 1048576K
}
Event: 4.341 GC heap before
{Heap before GC invocations=5 (full 0):
 PSYoungGen      total 34304K, used 34272K [0x00000000e0000000, 0x00000000e2400000, 0x0000000100000000)
  eden space 31744K, 100% used [0x00000000e0000000,0x00000000e1f00000,0x00000000e1f00000)
  from space 2560K, 98% used [0x00000000e2180000,0x00000000e23f8020,0x00000000e2400000)
  to   space 2560K, 0% used [0x00000000e1f00000,0x00000000e1f00000,0x00000000e2180000)
 ParOldGen       total 42496K, used 1611K [0x00000000a0000000, 0x00000000a2980000, 0x00000000e0000000)
  object space 42496K, 3% used [0x00000000a0000000,0x00000000a0192de0,0x00000000a2980000)
 Metaspace       used 11003K, capacity 11324K, committed 11648K, reserved 1058816K
  class space    used 1433K, capacity 1540K, committed 1664K, reserved 1048576K
Event: 4.351 GC heap after
Heap after GC invocations=5 (full 0):
 PSYoungGen      total 34304K, used 2544K [0x00000000e0000000, 0x00000000e4900000, 0x0000000100000000)
  eden space 31744K, 0% used [0x00000000e0000000,0x00000000e0000000,0x00000000e1f00000)
  from space 2560K, 99% used [0x00000000e1f00000,0x00000000e217c010,0x00000000e2180000)
  to   space 5632K, 0% used [0x00000000e4380000,0x00000000e4380000,0x00000000e4900000)
 ParOldGen       total 42496K, used 4571K [0x00000000a0000000, 0x00000000a2980000, 0x00000000e0000000)
  object space 42496K, 10% used [0x00000000a0000000,0x00000000a0476cc0,0x00000000a2980000)
 Metaspace       used 11003K, capacity 11324K, committed 11648K, reserved 1058816K
  class space    used 1433K, capacity 1540K, committed 1664K, reserved 1048576K
}
Event: 4.929 GC heap before
{Heap before GC invocations=6 (full 0):
 PSYoungGen      total 34304K, used 34288K [0x00000000e0000000, 0x00000000e4900000, 0x0000000100000000)
  eden space 31744K, 100% used [0x00000000e0000000,0x00000000e1f00000,0x00000000e1f00000)
  from space 2560K, 99% used [0x00000000e1f00000,0x00000000e217c010,0x00000000e2180000)
  to   space 5632K, 0% used [0x00000000e4380000,0x00000000e4380000,0x00000000e4900000)
 ParOldGen       total 42496K, used 4571K [0x00000000a0000000, 0x00000000a2980000, 0x00000000e0000000)
  object space 42496K, 10% used [0x00000000a0000000,0x00000000a0476cc0,0x00000000a2980000)
 Metaspace       used 13870K, capacity 14310K, committed 14336K, reserved 1060864K
  class space    used 1911K, capacity 2035K, committed 2048K, reserved 1048576K
Event: 4.943 GC heap after
Heap after GC invocations=6 (full 0):
 PSYoungGen      total 68096K, used 5623K [0x00000000e0000000, 0x00000000e4b00000, 0x0000000100000000)
  eden space 62464K, 0% used [0x00000000e0000000,0x00000000e0000000,0x00000000e3d00000)
  from space 5632K, 99% used [0x00000000e4380000,0x00000000e48fdde0,0x00000000e4900000)
  to   space 6656K, 0% used [0x00000000e3d00000,0x00000000e3d00000,0x00000000e4380000)
 ParOldGen       total 42496K, used 4911K [0x00000000a0000000, 0x00000000a2980000, 0x00000000e0000000)
  object space 42496K, 11% used [0x00000000a0000000,0x00000000a04cbcb0,0x00000000a2980000)
 Metaspace       used 13870K, capacity 14310K, committed 14336K, reserved 1060864K
  class space    used 1911K, capacity 2035K, committed 2048K, reserved 1048576K
}

Deoptimization events (10 events):
Event: 4.491 Thread 0x000000001a1a0800 Uncommon trap: reason=bimorphic action=maybe_recompile pc=0x0000000002d0a314 method=java.util.HashMap.putVal(ILjava/lang/Object;Ljava/lang/Object;ZZ)Ljava/lang/Object; @ 253
Event: 4.491 Thread 0x000000001a1a0800 Uncommon trap: reason=bimorphic action=maybe_recompile pc=0x0000000002d0a314 method=java.util.HashMap.putVal(ILjava/lang/Object;Ljava/lang/Object;ZZ)Ljava/lang/Object; @ 253
Event: 4.491 Thread 0x000000001a1a0800 Uncommon trap: reason=bimorphic action=maybe_recompile pc=0x0000000002d0a314 method=java.util.HashMap.putVal(ILjava/lang/Object;Ljava/lang/Object;ZZ)Ljava/lang/Object; @ 253
Event: 4.491 Thread 0x000000001a1a0800 Uncommon trap: reason=bimorphic action=maybe_recompile pc=0x0000000002d0a314 method=java.util.HashMap.putVal(ILjava/lang/Object;Ljava/lang/Object;ZZ)Ljava/lang/Object; @ 253
Event: 4.901 Thread 0x000000001a1a0800 Uncommon trap: reason=class_check action=maybe_recompile pc=0x0000000002db1704 method=java.util.regex.Matcher.match(II)Z @ 86
Event: 4.955 Thread 0x000000001a1a0800 Uncommon trap: reason=class_check action=maybe_recompile pc=0x0000000002db1704 method=java.util.regex.Matcher.match(II)Z @ 86
Event: 4.956 Thread 0x000000001a1a0800 Uncommon trap: reason=class_check action=maybe_recompile pc=0x0000000002db1704 method=java.util.regex.Matcher.match(II)Z @ 86
Event: 4.956 Thread 0x000000001a1a0800 Uncommon trap: reason=class_check action=maybe_recompile pc=0x0000000002c1d5dc method=java.util.regex.Matcher.match(II)Z @ 86
Event: 5.611 Thread 0x000000001a1a0800 Uncommon trap: reason=unstable_if action=reinterpret pc=0x0000000002daa55c method=java.io.File.getName()Ljava/lang/String; @ 16
Event: 5.611 Thread 0x000000001a1a0800 Uncommon trap: reason=unstable_if action=reinterpret pc=0x0000000002da5854 method=java.lang.String.substring(I)Ljava/lang/String; @ 35

Classes redefined (0 events):
No events

Internal exceptions (10 events):
Event: 1.339 Thread 0x0000000002962800 Exception <a 'java/lang/ArrayIndexOutOfBoundsException'> (0x00000000e03a6df0) thrown at [C:\src\AOSP-openjdk-git\hotspot\src\share\vm\runtime\sharedRuntime.cpp, line 605]
Event: 1.339 Thread 0x0000000002962800 Exception <a 'java/lang/ArrayIndexOutOfBoundsException'> (0x00000000e03ac7b8) thrown at [C:\src\AOSP-openjdk-git\hotspot\src\share\vm\runtime\sharedRuntime.cpp, line 605]
Event: 1.339 Thread 0x0000000002962800 Exception <a 'java/lang/ArrayIndexOutOfBoundsException'> (0x00000000e03ae9e0) thrown at [C:\src\AOSP-openjdk-git\hotspot\src\share\vm\runtime\sharedRuntime.cpp, line 605]
Event: 1.398 Thread 0x0000000002962800 Exception <a 'java/lang/ArrayIndexOutOfBoundsException'> (0x00000000e0698158) thrown at [C:\src\AOSP-openjdk-git\hotspot\src\share\vm\runtime\sharedRuntime.cpp, line 605]
Event: 1.398 Thread 0x0000000002962800 Exception <a 'java/lang/ArrayIndexOutOfBoundsException'> (0x00000000e06a3dd0) thrown at [C:\src\AOSP-openjdk-git\hotspot\src\share\vm\runtime\sharedRuntime.cpp, line 605]
Event: 1.406 Thread 0x0000000002962800 Exception <a 'java/lang/ArrayIndexOutOfBoundsException'> (0x00000000e06b3598) thrown at [C:\src\AOSP-openjdk-git\hotspot\src\share\vm\runtime\sharedRuntime.cpp, line 605]
Event: 1.409 Thread 0x0000000002962800 Exception <a 'java/lang/ArrayIndexOutOfBoundsException'> (0x00000000e06c7a40) thrown at [C:\src\AOSP-openjdk-git\hotspot\src\share\vm\runtime\sharedRuntime.cpp, line 605]
Event: 1.409 Thread 0x0000000002962800 Exception <a 'java/lang/ArrayIndexOutOfBoundsException'> (0x00000000e06d90f8) thrown at [C:\src\AOSP-openjdk-git\hotspot\src\share\vm\runtime\sharedRuntime.cpp, line 605]
Event: 4.372 Thread 0x0000000002962800 Exception <a 'java/io/IOException'> (0x00000000e00b54f8) thrown at [C:\src\AOSP-openjdk-git\hotspot\src\share\vm\prims\jni.cpp, line 710]
Event: 4.822 Thread 0x000000001a1a0800 Exception <a 'java/lang/NoSuchMethodError': java.lang.Object.lambda$static$0(Lorg/gradle/internal/state/ModelObject;)Ljava/lang/String;> (0x00000000e166e7d0) thrown at [C:\src\AOSP-openjdk-git\hotspot\src\share\vm\interpreter\linkResolver.cpp, line 620]

Events (10 events):
Event: 5.622 loading class com/google/common/io/Closer$SuppressingSuppressor
Event: 5.622 loading class com/google/common/io/Closer$SuppressingSuppressor done
Event: 5.623 loading class java/io/PrintWriter
Event: 5.624 loading class java/io/PrintWriter done
Event: 5.626 loading class com/google/common/hash/PrimitiveSink
Event: 5.626 loading class com/google/common/hash/PrimitiveSink done
Event: 5.627 loading class com/google/common/io/ByteSource$ConcatenatedByteSource
Event: 5.627 loading class com/google/common/io/ByteSource$ConcatenatedByteSource done
Event: 5.628 loading class com/google/common/io/ByteSource$ByteArrayByteSource
Event: 5.628 loading class com/google/common/io/ByteSource$ByteArrayByteSource done


Dynamic libraries:
0x00007ff638ab0000 - 0x00007ff638ae1000 	C:\Program Files\Android\Android Studio\jre\bin\java.exe
0x00007ff86b030000 - 0x00007ff86b225000 	C:\WINDOWS\SYSTEM32\ntdll.dll
0x00007ff8691e0000 - 0x00007ff86929e000 	C:\WINDOWS\System32\KERNEL32.DLL
0x00007ff868aa0000 - 0x00007ff868d69000 	C:\WINDOWS\System32\KERNELBASE.dll
0x00007ff869880000 - 0x00007ff86992c000 	C:\WINDOWS\System32\ADVAPI32.dll
0x00007ff86aa60000 - 0x00007ff86aafe000 	C:\WINDOWS\System32\msvcrt.dll
0x00007ff86a9c0000 - 0x00007ff86aa5b000 	C:\WINDOWS\System32\sechost.dll
0x00007ff86ab60000 - 0x00007ff86ac8a000 	C:\WINDOWS\System32\RPCRT4.dll
0x00007ff86a390000 - 0x00007ff86a531000 	C:\WINDOWS\System32\USER32.dll
0x00007ff868810000 - 0x00007ff868832000 	C:\WINDOWS\System32\win32u.dll
0x00007ff86a220000 - 0x00007ff86a24b000 	C:\WINDOWS\System32\GDI32.dll
0x00007ff868990000 - 0x00007ff868a9b000 	C:\WINDOWS\System32\gdi32full.dll
0x00007ff868d70000 - 0x00007ff868e0d000 	C:\WINDOWS\System32\msvcp_win.dll
0x00007ff868840000 - 0x00007ff868940000 	C:\WINDOWS\System32\ucrtbase.dll
0x00007ff852b40000 - 0x00007ff852dda000 	C:\WINDOWS\WinSxS\amd64_microsoft.windows.common-controls_6595b64144ccf1df_6.0.19041.1110_none_60b5254171f9507e\COMCTL32.dll
0x00007ff869840000 - 0x00007ff869870000 	C:\WINDOWS\System32\IMM32.DLL
0x0000000077550000 - 0x0000000077622000 	C:\Program Files\Android\Android Studio\jre\jre\bin\msvcr100.dll
0x00000000767e0000 - 0x000000007702b000 	C:\Program Files\Android\Android Studio\jre\jre\bin\server\jvm.dll
0x00007ff8691b0000 - 0x00007ff8691b8000 	C:\WINDOWS\System32\PSAPI.DLL
0x00007ff863640000 - 0x00007ff863649000 	C:\WINDOWS\SYSTEM32\WSOCK32.dll
0x00007ff8692a0000 - 0x00007ff86930b000 	C:\WINDOWS\System32\WS2_32.dll
0x00007ff859a10000 - 0x00007ff859a37000 	C:\WINDOWS\SYSTEM32\WINMM.dll
0x00007ff862020000 - 0x00007ff86202a000 	C:\WINDOWS\SYSTEM32\VERSION.dll
0x00007ff8628e0000 - 0x00007ff8628ef000 	C:\Program Files\Android\Android Studio\jre\jre\bin\verify.dll
0x00007ff846bf0000 - 0x00007ff846c19000 	C:\Program Files\Android\Android Studio\jre\jre\bin\java.dll
0x00007ff84d960000 - 0x00007ff84d976000 	C:\Program Files\Android\Android Studio\jre\jre\bin\zip.dll
0x00007ff869930000 - 0x00007ff86a06f000 	C:\WINDOWS\System32\SHELL32.dll
0x00007ff866850000 - 0x00007ff866fe0000 	C:\WINDOWS\SYSTEM32\windows.storage.dll
0x00007ff86ac90000 - 0x00007ff86afe5000 	C:\WINDOWS\System32\combase.dll
0x00007ff8681a0000 - 0x00007ff8681cc000 	C:\WINDOWS\SYSTEM32\Wldp.dll
0x00007ff86a250000 - 0x00007ff86a2fd000 	C:\WINDOWS\System32\SHCORE.dll
0x00007ff8693c0000 - 0x00007ff869415000 	C:\WINDOWS\System32\shlwapi.dll
0x00007ff868690000 - 0x00007ff8686af000 	C:\WINDOWS\SYSTEM32\profapi.dll
0x00007ff84b920000 - 0x00007ff84b93a000 	C:\Program Files\Android\Android Studio\jre\jre\bin\net.dll
0x00007ff867f00000 - 0x00007ff867f6a000 	C:\WINDOWS\system32\mswsock.dll
0x00007ff849cc0000 - 0x00007ff849cd3000 	C:\Program Files\Android\Android Studio\jre\jre\bin\nio.dll
0x00007ff846bc0000 - 0x00007ff846be7000 	C:\Users\47hitman\.gradle\native\fdc75f09e3144964f2cf3f50f0aa648679c211496f362492102eb8c894070792\windows-amd64\native-platform.dll
0x00007ff844430000 - 0x00007ff8445c6000 	C:\Users\47hitman\.gradle\native\12488b8bf47d2d4c9fbf2f6322a914ad602e24e48041cd04a747c6da556b65c4\windows-amd64\native-platform-file-events.dll
0x00007ff84c480000 - 0x00007ff84c48d000 	C:\Program Files\Android\Android Studio\jre\jre\bin\management.dll
0x00007ff868100000 - 0x00007ff868118000 	C:\WINDOWS\SYSTEM32\CRYPTSP.dll
0x00007ff867810000 - 0x00007ff867844000 	C:\WINDOWS\system32\rsaenh.dll
0x00007ff868750000 - 0x00007ff868777000 	C:\WINDOWS\System32\bcrypt.dll
0x00007ff868650000 - 0x00007ff86867e000 	C:\WINDOWS\SYSTEM32\USERENV.dll
0x00007ff868780000 - 0x00007ff868803000 	C:\WINDOWS\System32\bcryptprimitives.dll
0x00007ff8680f0000 - 0x00007ff8680fc000 	C:\WINDOWS\SYSTEM32\CRYPTBASE.dll
0x00007ff867ba0000 - 0x00007ff867bdb000 	C:\WINDOWS\SYSTEM32\IPHLPAPI.DLL
0x00007ff869420000 - 0x00007ff869428000 	C:\WINDOWS\System32\NSI.dll
0x00007ff861a40000 - 0x00007ff861a57000 	C:\WINDOWS\SYSTEM32\dhcpcsvc6.DLL
0x00007ff861c40000 - 0x00007ff861c5d000 	C:\WINDOWS\SYSTEM32\dhcpcsvc.DLL
0x00007ff867bf0000 - 0x00007ff867cbc000 	C:\WINDOWS\SYSTEM32\DNSAPI.dll
0x00007ff862010000 - 0x00007ff86201b000 	C:\WINDOWS\SYSTEM32\WINNSI.DLL

VM Arguments:
jvm_args: -Xmx1536M -Dfile.encoding=windows-1252 -Duser.country=US -Duser.language=en -Duser.variant 
java_command: org.gradle.launcher.daemon.bootstrap.GradleDaemon 6.7
java_class_path (initial): C:\Users\47hitman\.gradle\wrapper\dists\gradle-6.7-all\cuy9mc7upwgwgeb72wkcrupxe\gradle-6.7\lib\gradle-launcher-6.7.jar
Launcher Type: SUN_STANDARD

Environment Variables:
JAVA_HOME=C:\Program Files\Android\Android Studio\jre
CLASSPATH=D:\magang\flutter\sakambuik\android\\gradle\wrapper\gradle-wrapper.jar
PATH=C:\Program Files\Common Files\Oracle\Java\javapath;C:\Program Files (x86)\Common Files\Oracle\Java\javapath;C:\Windows\system32;C:\Windows;C:\Windows\System32\Wbem;C:\Windows\System32\WindowsPowerShell\v1.0\;C:\Windows\System32\OpenSSH\;C:\Program Files (x86)\NVIDIA Corporation\PhysX\Common;C:\Program Files\NVIDIA Corporation\NVIDIA NvDLISR;C:\Program Files\Microsoft SQL Server\120\Tools\Binn\;C:\WINDOWS\system32;C:\WINDOWS;C:\WINDOWS\System32\Wbem;C:\WINDOWS\System32\WindowsPowerShell\v1.0\;C:\Program Files\Java\jdk-11.0.12\bin;C:\xampp\php;C:\ProgramData\ComposerSetup\bin;C:\Program Files\Git\cmd;C:\Users\47hitman\AppData\Local\Microsoft\WindowsApps;C:\Program Files\Java\jdk-15.0.2\bin;C:\Users\47hitman\AppData\Roaming\Composer\vendor\bin;C:\Users\47hitman\Documents\flutter\bin;C:\Users\47hitman\AppData\Local\Programs\Microsoft VS Code\bin;C:\Users\47hitman\Documents\flutter\bin\mingit\cmd
USERNAME=47hitman
OS=Windows_NT
PROCESSOR_IDENTIFIER=Intel64 Family 6 Model 142 Stepping 9, GenuineIntel



---------------  S Y S T E M  ---------------

OS: Windows 10.0 , 64 bit Build 19041 (10.0.19041.1202)

CPU:total 4 (initial active 4) (2 cores per cpu, 2 threads per core) family 6 model 142 stepping 9, cmov, cx8, fxsr, mmx, sse, sse2, sse3, ssse3, sse4.1, sse4.2, popcnt, avx, avx2, aes, clmul, erms, 3dnowpref, lzcnt, ht, tsc, tscinvbit, bmi1, bmi2, adx

Memory: 4k page, physical 4059364k(183208k free), swap 8129696k(4224k free)

vm_info: OpenJDK 64-Bit Server VM (25.242-b01) for windows-amd64 JRE (1.8.0_242-release-1644-b01), built by "builder" with MS VC++ 10.0 (VS2010)

time: Wed Nov 03 09:13:37 2021
timezone: SE Asia Standard Time
elapsed time: 5 seconds (0d 0h 0m 5s)

