#
# There is insufficient memory for the Java Runtime Environment to continue.
# Native memory allocation (malloc) failed to allocate 1645936 bytes for Chunk::new
# Possible reasons:
#   The system is out of physical RAM or swap space
#   The process is running with CompressedOops enabled, and the Java Heap may be blocking the growth of the native heap
# Possible solutions:
#   Reduce memory load on the system
#   Increase physical memory or swap space
#   Check if swap backing store is full
#   Decrease Java heap size (-Xmx/-Xms)
#   Decrease number of Java threads
#   Decrease Java thread stack sizes (-Xss)
#   Set larger code cache with -XX:ReservedCodeCacheSize=
#   JVM is running with Unscaled Compressed Oops mode in which the Java heap is
#     placed in the first 4GB address space. The Java Heap base address is the
#     maximum limit for the native heap growth. Please use -XX:HeapBaseMinAddress
#     to set the Java Heap base and to place the Java Heap above 4GB virtual address.
# This output file may be truncated or incomplete.
#
#  Out of Memory Error (allocation.cpp:389), pid=5628, tid=0x0000000000003710
#
# JRE version: OpenJDK Runtime Environment (8.0_242-b01) (build 1.8.0_242-release-1644-b01)
# Java VM: OpenJDK 64-Bit Server VM (25.242-b01 mixed mode windows-amd64 compressed oops)
# Failed to write core dump. Minidumps are not enabled by default on client versions of Windows
#

---------------  T H R E A D  ---------------

Current thread (0x0000000016619000):  JavaThread "C2 CompilerThread0" daemon [_thread_in_native, id=14096, stack(0x0000000017c90000,0x0000000017d90000)]

Stack: [0x0000000017c90000,0x0000000017d90000]
[error occurred during error reporting (printing stack bounds), id 0xc0000005]

Native frames: (J=compiled Java code, j=interpreted, Vv=VM code, C=native code)


Current CompileTask:
C2:   7205 2441       4       groovy.lang.MetaClassImpl$1MOPIter::methodNameAction (325 bytes)


---------------  P R O C E S S  ---------------

Java Threads: ( => current thread )
  0x000000001662d800 JavaThread "Cache worker for file content cache (C:\Users\47hitman\.gradle\caches\6.7\fileContent)" [_thread_blocked, id=11592, stack(0x0000000020a20000,0x0000000020b20000)]
  0x0000000016631800 JavaThread "jar transforms" [_thread_blocked, id=11284, stack(0x0000000020920000,0x0000000020a20000)]
  0x0000000016634800 JavaThread "Cache worker for execution history cache (C:\Users\47hitman\.gradle\caches\6.7\executionHistory)" [_thread_blocked, id=6268, stack(0x000000001ef80000,0x000000001f080000)]
  0x0000000016630800 JavaThread "Cache worker for cache directory md-rule (C:\Users\47hitman\.gradle\caches\6.7\md-rule)" [_thread_blocked, id=12644, stack(0x000000001ee80000,0x000000001ef80000)]
  0x0000000016632000 JavaThread "Cache worker for cache directory md-supplier (C:\Users\47hitman\.gradle\caches\6.7\md-supplier)" [_thread_blocked, id=8120, stack(0x000000001ed80000,0x000000001ee80000)]
  0x0000000016633000 JavaThread "Cache worker for checksums cache (D:\magang\flutter\sakambuik\android\.gradle\checksums)" [_thread_blocked, id=10644, stack(0x000000001ea80000,0x000000001eb80000)]
  0x0000000016630000 JavaThread "Cache worker for file hash cache (D:\magang\flutter\sakambuik\android\.gradle\6.7\fileHashes)" [_thread_blocked, id=12668, stack(0x000000001e980000,0x000000001ea80000)]
  0x000000001662f000 JavaThread "Cache worker for journal cache (C:\Users\47hitman\.gradle\caches\journal-1)" [_thread_blocked, id=13948, stack(0x000000001c6e0000,0x000000001c7e0000)]
  0x0000000016633800 JavaThread "File lock request listener" [_thread_in_native, id=7688, stack(0x000000001c5e0000,0x000000001c6e0000)]
  0x000000001a57c800 JavaThread "Cache worker for file hash cache (C:\Users\47hitman\.gradle\caches\6.7\fileHashes)" [_thread_blocked, id=11124, stack(0x000000001c3e0000,0x000000001c4e0000)]
  0x000000001a544000 JavaThread "Thread-9" [_thread_blocked, id=9960, stack(0x000000001c0e0000,0x000000001c1e0000)]
  0x000000001a54e000 JavaThread "Stdin handler" [_thread_blocked, id=192, stack(0x000000001bfe0000,0x000000001c0e0000)]
  0x000000001a55d000 JavaThread "Asynchronous log dispatcher for DefaultDaemonConnection: socket connection from /127.0.0.1:53265 to /127.0.0.1:53266" [_thread_blocked, id=10032, stack(0x000000001bee0000,0x000000001bfe0000)]
  0x000000001a52a800 JavaThread "Daemon worker" [_thread_in_native, id=15148, stack(0x000000001bde0000,0x000000001bee0000)]
  0x000000001a4ac800 JavaThread "Cancel handler" [_thread_blocked, id=1608, stack(0x000000001bce0000,0x000000001bde0000)]
  0x000000001a4ac000 JavaThread "Handler for socket connection from /127.0.0.1:53265 to /127.0.0.1:53266" [_thread_in_native, id=6348, stack(0x000000001bbe0000,0x000000001bce0000)]
  0x000000001a4ab800 JavaThread "Daemon" [_thread_blocked, id=4544, stack(0x000000001b8e0000,0x000000001b9e0000)]
  0x000000001a45d000 JavaThread "Daemon periodic checks" [_thread_blocked, id=8184, stack(0x000000001b7e0000,0x000000001b8e0000)]
  0x000000001a45a800 JavaThread "Incoming local TCP Connector on port 53265" [_thread_in_native, id=3740, stack(0x000000001b5a0000,0x000000001b6a0000)]
  0x000000001a11f000 JavaThread "Daemon health stats" [_thread_blocked, id=9700, stack(0x0000000019d60000,0x0000000019e60000)]
  0x0000000017fd0000 JavaThread "Service Thread" daemon [_thread_blocked, id=13688, stack(0x0000000018390000,0x0000000018490000)]
  0x000000001662e800 JavaThread "C1 CompilerThread2" daemon [_thread_blocked, id=13736, stack(0x0000000017e90000,0x0000000017f90000)]
  0x000000001661d800 JavaThread "C2 CompilerThread1" daemon [_thread_blocked, id=1188, stack(0x0000000017d90000,0x0000000017e90000)]
=>0x0000000016619000 JavaThread "C2 CompilerThread0" daemon [_thread_in_native, id=14096, stack(0x0000000017c90000,0x0000000017d90000)]
  0x0000000016616800 JavaThread "Attach Listener" daemon [_thread_blocked, id=8748, stack(0x0000000017b90000,0x0000000017c90000)]
  0x0000000016615000 JavaThread "Signal Dispatcher" daemon [_thread_blocked, id=14408, stack(0x0000000017a90000,0x0000000017b90000)]
  0x0000000002c9d000 JavaThread "Finalizer" daemon [_thread_blocked, id=7924, stack(0x0000000017890000,0x0000000017990000)]
  0x00000000165f9800 JavaThread "Reference Handler" daemon [_thread_blocked, id=15188, stack(0x0000000017790000,0x0000000017890000)]
  0x0000000002ba2800 JavaThread "main" [_thread_blocked, id=5836, stack(0x0000000002a40000,0x0000000002b40000)]

Other Threads:
  0x00000000165d7800 VMThread [stack: 0x0000000017690000,0x0000000017790000] [id=9496]
  0x000000001666e000 WatcherThread [stack: 0x0000000018490000,0x0000000018590000] [id=8044]

VM state:not at safepoint (normal execution)

VM Mutex/Monitor currently owned by a thread: None

heap address: 0x00000000a0000000, size: 1536 MB, Compressed Oops mode: 32-bit
Narrow klass base: 0x0000000000000000, Narrow klass shift: 3
Compressed class space size: 1073741824 Address: 0x0000000100000000

Heap:
 PSYoungGen      total 106496K, used 39210K [0x00000000e0000000, 0x00000000ea900000, 0x0000000100000000)
  eden space 97792K, 31% used [0x00000000e0000000,0x00000000e1dcbf70,0x00000000e5f80000)
  from space 8704K, 99% used [0x00000000e5f80000,0x00000000e67fe988,0x00000000e6800000)
  to   space 10752K, 0% used [0x00000000e9e80000,0x00000000e9e80000,0x00000000ea900000)
 ParOldGen       total 30208K, used 13360K [0x00000000a0000000, 0x00000000a1d80000, 0x00000000e0000000)
  object space 30208K, 44% used [0x00000000a0000000,0x00000000a0d0c3f8,0x00000000a1d80000)
 Metaspace       used 33158K, capacity 34112K, committed 34304K, reserved 1079296K
  class space    used 4516K, capacity 4742K, committed 4864K, reserved 1048576K

Card table byte_map: [0x0000000012060000,0x0000000012370000] byte_map_base: 0x0000000011b60000

Marking Bits: (ParMarkBitMap*) 0x0000000076faf030
 Begin Bits: [0x0000000012970000, 0x0000000014170000)
 End Bits:   [0x0000000014170000, 0x0000000015970000)

Polling page: 0x0000000001190000

CodeCache: size=245760Kb used=10250Kb max_used=10250Kb free=235509Kb
 bounds [0x0000000002ca0000, 0x00000000036b0000, 0x0000000011ca0000]
 total_blobs=3355 nmethods=2655 adapters=612
 compilation: enabled

Compilation events (10 events):
Event: 7.140 Thread 0x000000001662e800 2660  s!   3       sun.net.www.protocol.file.Handler::openConnection (273 bytes)
Event: 7.142 Thread 0x000000001662e800 nmethod 2660 0x00000000036a1b50 code [0x00000000036a1fe0, 0x00000000036a4ee8]
Event: 7.142 Thread 0x000000001662e800 2662       3       org.objectweb.asm.ClassReader::readClass (7 bytes)
Event: 7.142 Thread 0x000000001662e800 nmethod 2662 0x000000000369ed90 code [0x000000000369ef40, 0x000000000369f448]
Event: 7.142 Thread 0x000000001662e800 2663       3       org.objectweb.asm.ClassReader::readStringish (16 bytes)
Event: 7.142 Thread 0x000000001662e800 nmethod 2663 0x000000000369e410 code [0x000000000369e5a0, 0x000000000369ea48]
Event: 7.142 Thread 0x000000001662e800 2664       3       org.objectweb.asm.ClassReader::readLabel (20 bytes)
Event: 7.143 Thread 0x000000001662e800 nmethod 2664 0x000000000369dc50 code [0x000000000369dde0, 0x000000000369e210]
Event: 7.143 Thread 0x000000001662e800 2661       3       sun.net.www.protocol.file.Handler::createFileURLConnection (10 bytes)
Event: 7.143 Thread 0x000000001662e800 nmethod 2661 0x000000000369d850 code [0x000000000369d9c0, 0x000000000369dba8]

GC Heap History (10 events):
Event: 3.554 GC heap before
{Heap before GC invocations=8 (full 0):
 PSYoungGen      total 35840K, used 35819K [0x00000000e0000000, 0x00000000e4900000, 0x0000000100000000)
  eden space 30720K, 100% used [0x00000000e0000000,0x00000000e1e00000,0x00000000e1e00000)
  from space 5120K, 99% used [0x00000000e1e00000,0x00000000e22faff0,0x00000000e2300000)
  to   space 6656K, 0% used [0x00000000e4280000,0x00000000e4280000,0x00000000e4900000)
 ParOldGen       total 42496K, used 4761K [0x00000000a0000000, 0x00000000a2980000, 0x00000000e0000000)
  object space 42496K, 11% used [0x00000000a0000000,0x00000000a04a67d8,0x00000000a2980000)
 Metaspace       used 16446K, capacity 16946K, committed 17152K, reserved 1064960K
  class space    used 2307K, capacity 2483K, committed 2560K, reserved 1048576K
Event: 3.564 GC heap after
Heap after GC invocations=8 (full 0):
 PSYoungGen      total 67584K, used 5339K [0x00000000e0000000, 0x00000000e4a00000, 0x0000000100000000)
  eden space 60928K, 0% used [0x00000000e0000000,0x00000000e0000000,0x00000000e3b80000)
  from space 6656K, 80% used [0x00000000e4280000,0x00000000e47b6d78,0x00000000e4900000)
  to   space 7168K, 0% used [0x00000000e3b80000,0x00000000e3b80000,0x00000000e4280000)
 ParOldGen       total 42496K, used 5385K [0x00000000a0000000, 0x00000000a2980000, 0x00000000e0000000)
  object space 42496K, 12% used [0x00000000a0000000,0x00000000a05427d8,0x00000000a2980000)
 Metaspace       used 16446K, capacity 16946K, committed 17152K, reserved 1064960K
  class space    used 2307K, capacity 2483K, committed 2560K, reserved 1048576K
}
Event: 4.662 GC heap before
{Heap before GC invocations=9 (full 0):
 PSYoungGen      total 67584K, used 66267K [0x00000000e0000000, 0x00000000e4a00000, 0x0000000100000000)
  eden space 60928K, 100% used [0x00000000e0000000,0x00000000e3b80000,0x00000000e3b80000)
  from space 6656K, 80% used [0x00000000e4280000,0x00000000e47b6d78,0x00000000e4900000)
  to   space 7168K, 0% used [0x00000000e3b80000,0x00000000e3b80000,0x00000000e4280000)
 ParOldGen       total 42496K, used 5385K [0x00000000a0000000, 0x00000000a2980000, 0x00000000e0000000)
  object space 42496K, 12% used [0x00000000a0000000,0x00000000a05427d8,0x00000000a2980000)
 Metaspace       used 20637K, capacity 21250K, committed 21296K, reserved 1067008K
  class space    used 2964K, capacity 3175K, committed 3200K, reserved 1048576K
Event: 4.676 GC heap after
Heap after GC invocations=9 (full 0):
 PSYoungGen      total 68096K, used 7155K [0x00000000e0000000, 0x00000000e7080000, 0x0000000100000000)
  eden space 60928K, 0% used [0x00000000e0000000,0x00000000e0000000,0x00000000e3b80000)
  from space 7168K, 99% used [0x00000000e3b80000,0x00000000e427ccc8,0x00000000e4280000)
  to   space 8704K, 0% used [0x00000000e6800000,0x00000000e6800000,0x00000000e7080000)
 ParOldGen       total 42496K, used 6735K [0x00000000a0000000, 0x00000000a2980000, 0x00000000e0000000)
  object space 42496K, 15% used [0x00000000a0000000,0x00000000a0693e30,0x00000000a2980000)
 Metaspace       used 20637K, capacity 21250K, committed 21296K, reserved 1067008K
  class space    used 2964K, capacity 3175K, committed 3200K, reserved 1048576K
}
Event: 4.681 GC heap before
{Heap before GC invocations=10 (full 0):
 PSYoungGen      total 68096K, used 8149K [0x00000000e0000000, 0x00000000e7080000, 0x0000000100000000)
  eden space 60928K, 1% used [0x00000000e0000000,0x00000000e00f8888,0x00000000e3b80000)
  from space 7168K, 99% used [0x00000000e3b80000,0x00000000e427ccc8,0x00000000e4280000)
  to   space 8704K, 0% used [0x00000000e6800000,0x00000000e6800000,0x00000000e7080000)
 ParOldGen       total 42496K, used 6735K [0x00000000a0000000, 0x00000000a2980000, 0x00000000e0000000)
  object space 42496K, 15% used [0x00000000a0000000,0x00000000a0693e30,0x00000000a2980000)
 Metaspace       used 20638K, capacity 21250K, committed 21296K, reserved 1067008K
  class space    used 2964K, capacity 3175K, committed 3200K, reserved 1048576K
Event: 4.687 GC heap after
Heap after GC invocations=10 (full 0):
 PSYoungGen      total 106496K, used 5466K [0x00000000e0000000, 0x00000000e7080000, 0x0000000100000000)
  eden space 97792K, 0% used [0x00000000e0000000,0x00000000e0000000,0x00000000e5f80000)
  from space 8704K, 62% used [0x00000000e6800000,0x00000000e6d56960,0x00000000e7080000)
  to   space 8704K, 0% used [0x00000000e5f80000,0x00000000e5f80000,0x00000000e6800000)
 ParOldGen       total 42496K, used 8218K [0x00000000a0000000, 0x00000000a2980000, 0x00000000e0000000)
  object space 42496K, 19% used [0x00000000a0000000,0x00000000a0806bb8,0x00000000a2980000)
 Metaspace       used 20638K, capacity 21250K, committed 21296K, reserved 1067008K
  class space    used 2964K, capacity 3175K, committed 3200K, reserved 1048576K
}
Event: 4.687 GC heap before
{Heap before GC invocations=11 (full 1):
 PSYoungGen      total 106496K, used 5466K [0x00000000e0000000, 0x00000000e7080000, 0x0000000100000000)
  eden space 97792K, 0% used [0x00000000e0000000,0x00000000e0000000,0x00000000e5f80000)
  from space 8704K, 62% used [0x00000000e6800000,0x00000000e6d56960,0x00000000e7080000)
  to   space 8704K, 0% used [0x00000000e5f80000,0x00000000e5f80000,0x00000000e6800000)
 ParOldGen       total 42496K, used 8218K [0x00000000a0000000, 0x00000000a2980000, 0x00000000e0000000)
  object space 42496K, 19% used [0x00000000a0000000,0x00000000a0806bb8,0x00000000a2980000)
 Metaspace       used 20638K, capacity 21250K, committed 21296K, reserved 1067008K
  class space    used 2964K, capacity 3175K, committed 3200K, reserved 1048576K
Event: 4.743 GC heap after
Heap after GC invocations=11 (full 1):
 PSYoungGen      total 106496K, used 0K [0x00000000e0000000, 0x00000000e7080000, 0x0000000100000000)
  eden space 97792K, 0% used [0x00000000e0000000,0x00000000e0000000,0x00000000e5f80000)
  from space 8704K, 0% used [0x00000000e6800000,0x00000000e6800000,0x00000000e7080000)
  to   space 8704K, 0% used [0x00000000e5f80000,0x00000000e5f80000,0x00000000e6800000)
 ParOldGen       total 30208K, used 10587K [0x00000000a0000000, 0x00000000a1d80000, 0x00000000e0000000)
  object space 30208K, 35% used [0x00000000a0000000,0x00000000a0a56eb0,0x00000000a1d80000)
 Metaspace       used 20638K, capacity 21250K, committed 21296K, reserved 1067008K
  class space    used 2964K, capacity 3175K, committed 3200K, reserved 1048576K
}
Event: 6.758 GC heap before
{Heap before GC invocations=12 (full 1):
 PSYoungGen      total 106496K, used 97792K [0x00000000e0000000, 0x00000000e7080000, 0x0000000100000000)
  eden space 97792K, 100% used [0x00000000e0000000,0x00000000e5f80000,0x00000000e5f80000)
  from space 8704K, 0% used [0x00000000e6800000,0x00000000e6800000,0x00000000e7080000)
  to   space 8704K, 0% used [0x00000000e5f80000,0x00000000e5f80000,0x00000000e6800000)
 ParOldGen       total 30208K, used 10587K [0x00000000a0000000, 0x00000000a1d80000, 0x00000000e0000000)
  object space 30208K, 35% used [0x00000000a0000000,0x00000000a0a56eb0,0x00000000a1d80000)
 Metaspace       used 30944K, capacity 31926K, committed 32128K, reserved 1077248K
  class space    used 4246K, capacity 4475K, committed 4480K, reserved 1048576K
Event: 6.776 GC heap after
Heap after GC invocations=12 (full 1):
 PSYoungGen      total 106496K, used 8698K [0x00000000e0000000, 0x00000000ea900000, 0x0000000100000000)
  eden space 97792K, 0% used [0x00000000e0000000,0x00000000e0000000,0x00000000e5f80000)
  from space 8704K, 99% used [0x00000000e5f80000,0x00000000e67fe988,0x00000000e6800000)
  to   space 10752K, 0% used [0x00000000e9e80000,0x00000000e9e80000,0x00000000ea900000)
 ParOldGen       total 30208K, used 13360K [0x00000000a0000000, 0x00000000a1d80000, 0x00000000e0000000)
  object space 30208K, 44% used [0x00000000a0000000,0x00000000a0d0c3f8,0x00000000a1d80000)
 Metaspace       used 30944K, capacity 31926K, committed 32128K, reserved 1077248K
  class space    used 4246K, capacity 4475K, committed 4480K, reserved 1048576K
}

Deoptimization events (10 events):
Event: 6.000 Thread 0x000000001a52a800 Uncommon trap: reason=unstable_if action=reinterpret pc=0x00000000031e6dbc method=jdk.internal.org.objectweb.asm.Type.getArgumentsAndReturnSizes(Ljava/lang/String;)I @ 88
Event: 6.068 Thread 0x000000001a52a800 Uncommon trap: reason=unstable_if action=reinterpret pc=0x000000000328c480 method=java.net.URLClassLoader.defineClass(Ljava/lang/String;Lsun/misc/Resource;)Ljava/lang/Class; @ 21
Event: 6.070 Thread 0x000000001a52a800 Uncommon trap: reason=unstable_if action=reinterpret pc=0x00000000031a0df4 method=java.lang.ClassLoader.getClassLoadingLock(Ljava/lang/String;)Ljava/lang/Object; @ 6
Event: 6.329 Thread 0x000000001a52a800 Uncommon trap: reason=unstable_if action=reinterpret pc=0x00000000032adb80 method=java.net.URLClassLoader.defineClass(Ljava/lang/String;Lsun/misc/Resource;)Ljava/lang/Class; @ 21
Event: 6.626 Thread 0x000000001a52a800 Uncommon trap: reason=class_check action=maybe_recompile pc=0x000000000340db34 method=java.util.WeakHashMap.eq(Ljava/lang/Object;Ljava/lang/Object;)Z @ 7
Event: 6.777 Thread 0x00000000165f9800 Uncommon trap: reason=unstable_if action=reinterpret pc=0x00000000032778bc method=java.lang.ref.Reference.tryHandlePending(Z)Z @ 104
Event: 7.044 Thread 0x000000001a52a800 Uncommon trap: reason=unstable_if action=reinterpret pc=0x0000000002da46a4 method=java.util.HashMap.getNode(ILjava/lang/Object;)Ljava/util/HashMap$Node; @ 53
Event: 7.044 Thread 0x000000001a52a800 Uncommon trap: reason=unstable_if action=reinterpret pc=0x000000000365ed20 method=java.util.HashMap.putVal(ILjava/lang/Object;Ljava/lang/Object;ZZ)Ljava/lang/Object; @ 85
Event: 7.047 Thread 0x000000001a52a800 Uncommon trap: reason=unstable_if action=reinterpret pc=0x000000000366c938 method=org.gradle.internal.reflect.PropertyAccessorType.isGetGetterName(Ljava/lang/String;)Z @ 14
Event: 7.081 Thread 0x000000001a52a800 Uncommon trap: reason=unstable_if action=reinterpret pc=0x00000000033c3ac0 method=org.objectweb.asm.ByteVector.putShort(I)Lorg/objectweb/asm/ByteVector; @ 13

Classes redefined (0 events):
No events

Internal exceptions (10 events):
Event: 6.598 Thread 0x000000001a52a800 Exception <a 'java/lang/ClassNotFoundException': org/apache/groovy/json/internal/LazyMapBeanInfo> (0x00000000e58326e8) thrown at [C:\src\AOSP-openjdk-git\hotspot\src\share\vm\classfile\systemDictionary.cpp, line 210]
Event: 6.598 Thread 0x000000001a52a800 Exception <a 'java/lang/ClassNotFoundException': java/util/AbstractMapBeanInfo> (0x00000000e5836518) thrown at [C:\src\AOSP-openjdk-git\hotspot\src\share\vm\classfile\systemDictionary.cpp, line 210]
Event: 6.598 Thread 0x000000001a52a800 Exception <a 'java/lang/ClassNotFoundException': java/util/AbstractMapCustomizer> (0x00000000e583a180) thrown at [C:\src\AOSP-openjdk-git\hotspot\src\share\vm\classfile\systemDictionary.cpp, line 210]
Event: 6.600 Thread 0x000000001a52a800 Exception <a 'java/lang/ClassNotFoundException': org/apache/groovy/json/internal/LazyMapCustomizer> (0x00000000e58568d8) thrown at [C:\src\AOSP-openjdk-git\hotspot\src\share\vm\classfile\systemDictionary.cpp, line 210]
Event: 6.617 Thread 0x000000001a52a800 Exception <a 'java/lang/ClassNotFoundException': java/util/ArrayListBeanInfo> (0x00000000e5994178) thrown at [C:\src\AOSP-openjdk-git\hotspot\src\share\vm\classfile\systemDictionary.cpp, line 210]
Event: 6.618 Thread 0x000000001a52a800 Exception <a 'java/lang/ClassNotFoundException': java/util/AbstractListBeanInfo> (0x00000000e5997e58) thrown at [C:\src\AOSP-openjdk-git\hotspot\src\share\vm\classfile\systemDictionary.cpp, line 210]
Event: 6.620 Thread 0x000000001a52a800 Exception <a 'java/lang/ClassNotFoundException': java/util/AbstractCollectionBeanInfo> (0x00000000e599bc00) thrown at [C:\src\AOSP-openjdk-git\hotspot\src\share\vm\classfile\systemDictionary.cpp, line 210]
Event: 6.620 Thread 0x000000001a52a800 Exception <a 'java/lang/ClassNotFoundException': java/util/AbstractCollectionCustomizer> (0x00000000e599fbc8) thrown at [C:\src\AOSP-openjdk-git\hotspot\src\share\vm\classfile\systemDictionary.cpp, line 210]
Event: 6.622 Thread 0x000000001a52a800 Exception <a 'java/lang/ClassNotFoundException': java/util/AbstractListCustomizer> (0x00000000e59ae340) thrown at [C:\src\AOSP-openjdk-git\hotspot\src\share\vm\classfile\systemDictionary.cpp, line 210]
Event: 6.626 Thread 0x000000001a52a800 Exception <a 'java/lang/ClassNotFoundException': java/util/ArrayListCustomizer> (0x00000000e59bfa88) thrown at [C:\src\AOSP-openjdk-git\hotspot\src\share\vm\classfile\systemDictionary.cpp, line 210]

Events (10 events):
Event: 7.195 loading class kotlin/collections/ArraysKt___ArraysJvmKt
Event: 7.195 loading class kotlin/collections/ArraysKt___ArraysJvmKt done
Event: 7.196 loading class kotlin/collections/ArraysKt__ArraysKt
Event: 7.196 loading class kotlin/collections/ArraysKt__ArraysKt done
Event: 7.198 loading class kotlin/collections/ArraysKt__ArraysJVMKt
Event: 7.198 loading class kotlin/collections/ArraysKt__ArraysJVMKt done
Event: 7.200 loading class kotlin/collections/ArraysUtilJVM
Event: 7.200 loading class kotlin/collections/ArraysUtilJVM done
Event: 7.200 loading class org/gradle/kotlin/dsl/tooling/builders/KotlinDslScriptsModelBuilder
Event: 7.200 loading class org/gradle/kotlin/dsl/tooling/builders/KotlinDslScriptsModelBuilder done


Dynamic libraries:
0x00007ff638ab0000 - 0x00007ff638ae1000 	C:\Program Files\Android\Android Studio\jre\bin\java.exe
0x00007ff86b030000 - 0x00007ff86b225000 	C:\WINDOWS\SYSTEM32\ntdll.dll
0x00007ff8691e0000 - 0x00007ff86929e000 	C:\WINDOWS\System32\KERNEL32.DLL
0x00007ff868aa0000 - 0x00007ff868d69000 	C:\WINDOWS\System32\KERNELBASE.dll
0x00007ff869880000 - 0x00007ff86992c000 	C:\WINDOWS\System32\ADVAPI32.dll
0x00007ff86aa60000 - 0x00007ff86aafe000 	C:\WINDOWS\System32\msvcrt.dll
0x00007ff86a9c0000 - 0x00007ff86aa5b000 	C:\WINDOWS\System32\sechost.dll
0x00007ff86ab60000 - 0x00007ff86ac8a000 	C:\WINDOWS\System32\RPCRT4.dll
0x00007ff86a390000 - 0x00007ff86a531000 	C:\WINDOWS\System32\USER32.dll
0x00007ff868810000 - 0x00007ff868832000 	C:\WINDOWS\System32\win32u.dll
0x00007ff86a220000 - 0x00007ff86a24b000 	C:\WINDOWS\System32\GDI32.dll
0x00007ff868990000 - 0x00007ff868a9b000 	C:\WINDOWS\System32\gdi32full.dll
0x00007ff868d70000 - 0x00007ff868e0d000 	C:\WINDOWS\System32\msvcp_win.dll
0x00007ff868840000 - 0x00007ff868940000 	C:\WINDOWS\System32\ucrtbase.dll
0x00007ff852b40000 - 0x00007ff852dda000 	C:\WINDOWS\WinSxS\amd64_microsoft.windows.common-controls_6595b64144ccf1df_6.0.19041.1110_none_60b5254171f9507e\COMCTL32.dll
0x00007ff869840000 - 0x00007ff869870000 	C:\WINDOWS\System32\IMM32.DLL
0x0000000077550000 - 0x0000000077622000 	C:\Program Files\Android\Android Studio\jre\jre\bin\msvcr100.dll
0x00000000767e0000 - 0x000000007702b000 	C:\Program Files\Android\Android Studio\jre\jre\bin\server\jvm.dll
0x00007ff8691b0000 - 0x00007ff8691b8000 	C:\WINDOWS\System32\PSAPI.DLL
0x00007ff863640000 - 0x00007ff863649000 	C:\WINDOWS\SYSTEM32\WSOCK32.dll
0x00007ff859a10000 - 0x00007ff859a37000 	C:\WINDOWS\SYSTEM32\WINMM.dll
0x00007ff862020000 - 0x00007ff86202a000 	C:\WINDOWS\SYSTEM32\VERSION.dll
0x00007ff8692a0000 - 0x00007ff86930b000 	C:\WINDOWS\System32\WS2_32.dll
0x00007ff863060000 - 0x00007ff86306f000 	C:\Program Files\Android\Android Studio\jre\jre\bin\verify.dll
0x00007ff8628f0000 - 0x00007ff862919000 	C:\Program Files\Android\Android Studio\jre\jre\bin\java.dll
0x00007ff84d960000 - 0x00007ff84d976000 	C:\Program Files\Android\Android Studio\jre\jre\bin\zip.dll
0x00007ff869930000 - 0x00007ff86a06f000 	C:\WINDOWS\System32\SHELL32.dll
0x00007ff866850000 - 0x00007ff866fe0000 	C:\WINDOWS\SYSTEM32\windows.storage.dll
0x00007ff86ac90000 - 0x00007ff86afe5000 	C:\WINDOWS\System32\combase.dll
0x00007ff8681a0000 - 0x00007ff8681cc000 	C:\WINDOWS\SYSTEM32\Wldp.dll
0x00007ff86a250000 - 0x00007ff86a2fd000 	C:\WINDOWS\System32\SHCORE.dll
0x00007ff8693c0000 - 0x00007ff869415000 	C:\WINDOWS\System32\shlwapi.dll
0x00007ff868690000 - 0x00007ff8686af000 	C:\WINDOWS\SYSTEM32\profapi.dll
0x00007ff84c560000 - 0x00007ff84c57a000 	C:\Program Files\Android\Android Studio\jre\jre\bin\net.dll
0x00007ff867f00000 - 0x00007ff867f6a000 	C:\WINDOWS\system32\mswsock.dll
0x00007ff84c540000 - 0x00007ff84c553000 	C:\Program Files\Android\Android Studio\jre\jre\bin\nio.dll
0x00007ff84c4b0000 - 0x00007ff84c4d7000 	C:\Users\47hitman\.gradle\native\fdc75f09e3144964f2cf3f50f0aa648679c211496f362492102eb8c894070792\windows-amd64\native-platform.dll
0x00007ff82c0e0000 - 0x00007ff82c276000 	C:\Users\47hitman\.gradle\native\12488b8bf47d2d4c9fbf2f6322a914ad602e24e48041cd04a747c6da556b65c4\windows-amd64\native-platform-file-events.dll
0x00007ff863050000 - 0x00007ff86305d000 	C:\Program Files\Android\Android Studio\jre\jre\bin\management.dll
0x00007ff868100000 - 0x00007ff868118000 	C:\WINDOWS\SYSTEM32\CRYPTSP.dll
0x00007ff867810000 - 0x00007ff867844000 	C:\WINDOWS\system32\rsaenh.dll
0x00007ff868750000 - 0x00007ff868777000 	C:\WINDOWS\System32\bcrypt.dll
0x00007ff868650000 - 0x00007ff86867e000 	C:\WINDOWS\SYSTEM32\USERENV.dll
0x00007ff868780000 - 0x00007ff868803000 	C:\WINDOWS\System32\bcryptprimitives.dll
0x00007ff8680f0000 - 0x00007ff8680fc000 	C:\WINDOWS\SYSTEM32\CRYPTBASE.dll
0x00007ff867ba0000 - 0x00007ff867bdb000 	C:\WINDOWS\SYSTEM32\IPHLPAPI.DLL
0x00007ff869420000 - 0x00007ff869428000 	C:\WINDOWS\System32\NSI.dll
0x00007ff861a40000 - 0x00007ff861a57000 	C:\WINDOWS\SYSTEM32\dhcpcsvc6.DLL
0x00007ff861c40000 - 0x00007ff861c5d000 	C:\WINDOWS\SYSTEM32\dhcpcsvc.DLL
0x00007ff867bf0000 - 0x00007ff867cbc000 	C:\WINDOWS\SYSTEM32\DNSAPI.dll
0x00007ff862010000 - 0x00007ff86201b000 	C:\WINDOWS\SYSTEM32\WINNSI.DLL

VM Arguments:
jvm_args: -Xmx1536M -Dfile.encoding=windows-1252 -Duser.country=US -Duser.language=en -Duser.variant 
java_command: org.gradle.launcher.daemon.bootstrap.GradleDaemon 6.7
java_class_path (initial): C:\Users\47hitman\.gradle\wrapper\dists\gradle-6.7-all\cuy9mc7upwgwgeb72wkcrupxe\gradle-6.7\lib\gradle-launcher-6.7.jar
Launcher Type: SUN_STANDARD

Environment Variables:
JAVA_HOME=C:\Program Files\Android\Android Studio\jre
CLASSPATH=D:\magang\flutter\sakambuik\android\\gradle\wrapper\gradle-wrapper.jar
PATH=C:\Program Files\Common Files\Oracle\Java\javapath;C:\Program Files (x86)\Common Files\Oracle\Java\javapath;C:\Windows\system32;C:\Windows;C:\Windows\System32\Wbem;C:\Windows\System32\WindowsPowerShell\v1.0\;C:\Windows\System32\OpenSSH\;C:\Program Files (x86)\NVIDIA Corporation\PhysX\Common;C:\Program Files\NVIDIA Corporation\NVIDIA NvDLISR;C:\Program Files\Microsoft SQL Server\120\Tools\Binn\;C:\WINDOWS\system32;C:\WINDOWS;C:\WINDOWS\System32\Wbem;C:\WINDOWS\System32\WindowsPowerShell\v1.0\;C:\Program Files\Java\jdk-11.0.12\bin;C:\xampp\php;C:\ProgramData\ComposerSetup\bin;C:\Program Files\Git\cmd;C:\Users\47hitman\AppData\Local\Microsoft\WindowsApps;C:\Program Files\Java\jdk-15.0.2\bin;C:\Users\47hitman\AppData\Roaming\Composer\vendor\bin;C:\Users\47hitman\Documents\flutter\bin;C:\Users\47hitman\AppData\Local\Programs\Microsoft VS Code\bin;C:\Users\47hitman\Documents\flutter\bin\mingit\cmd
USERNAME=47hitman
OS=Windows_NT
PROCESSOR_IDENTIFIER=Intel64 Family 6 Model 142 Stepping 9, GenuineIntel



---------------  S Y S T E M  ---------------

OS: Windows 10.0 , 64 bit Build 19041 (10.0.19041.1202)

CPU:total 4 (initial active 4) (2 cores per cpu, 2 threads per core) family 6 model 142 stepping 9, cmov, cx8, fxsr, mmx, sse, sse2, sse3, ssse3, sse4.1, sse4.2, popcnt, avx, avx2, aes, clmul, erms, 3dnowpref, lzcnt, ht, tsc, tscinvbit, bmi1, bmi2, adx

Memory: 4k page, physical 4059364k(197056k free), swap 8129696k(5460k free)

vm_info: OpenJDK 64-Bit Server VM (25.242-b01) for windows-amd64 JRE (1.8.0_242-release-1644-b01), built by "builder" with MS VC++ 10.0 (VS2010)

time: Wed Nov 03 09:14:53 2021
timezone: SE Asia Standard Time
elapsed time: 7 seconds (0d 0h 0m 7s)

